The system is: Windows - 10.0.19043 - AMD64
Compiling the C compiler identification source file "CMakeCCompilerId.c" succeeded.
Compiler: D:/dev/MSVC/VC/Tools/MSVC/14.16.27023/bin/Hostx64/x64/cl.exe 
Build flags: 
Id flags:  

The output was:
0
Compilador de optimización de C/C++ de Microsoft (R) versión 19.16.27048 para x64
(C) Microsoft Corporation. Todos los derechos reservados.

CMakeCCompilerId.c
Microsoft (R) Incremental Linker Version 14.16.27048.0
Copyright (C) Microsoft Corporation.  All rights reserved.

/out:CMakeCCompilerId.exe 
CMakeCCompilerId.obj 


Compilation of the C compiler identification source "CMakeCCompilerId.c" produced "CMakeCCompilerId.exe"

Compilation of the C compiler identification source "CMakeCCompilerId.c" produced "CMakeCCompilerId.obj"

The C compiler identification is MSVC, found in "D:/dev/CodeProjects/OGRE_TEST_2/cmake-build-release/CMakeFiles/3.23.2/CompilerIdC/CMakeCCompilerId.exe"

Compiling the CXX compiler identification source file "CMakeCXXCompilerId.cpp" succeeded.
Compiler: D:/dev/MSVC/VC/Tools/MSVC/14.16.27023/bin/Hostx64/x64/cl.exe 
Build flags: 
Id flags:  

The output was:
0
Compilador de optimización de C/C++ de Microsoft (R) versión 19.16.27048 para x64
(C) Microsoft Corporation. Todos los derechos reservados.

CMakeCXXCompilerId.cpp
Microsoft (R) Incremental Linker Version 14.16.27048.0
Copyright (C) Microsoft Corporation.  All rights reserved.

/out:CMakeCXXCompilerId.exe 
CMakeCXXCompilerId.obj 


Compilation of the CXX compiler identification source "CMakeCXXCompilerId.cpp" produced "CMakeCXXCompilerId.exe"

Compilation of the CXX compiler identification source "CMakeCXXCompilerId.cpp" produced "CMakeCXXCompilerId.obj"

The CXX compiler identification is MSVC, found in "D:/dev/CodeProjects/OGRE_TEST_2/cmake-build-release/CMakeFiles/3.23.2/CompilerIdCXX/CMakeCXXCompilerId.exe"

Detecting C compiler ABI info compiled with the following output:
Change Dir: D:/dev/CodeProjects/OGRE_TEST_2/cmake-build-release/CMakeFiles/CMakeTmp

Run Build Command(s):D:/Program Files/JetBrains/CLion 2022.2.1/bin/ninja/win/ninja.exe cmTC_c5b83 && [1/2] Building C object CMakeFiles\cmTC_c5b83.dir\CMakeCCompilerABI.c.obj
Nota: inclusión del archivo: d:\program files\jetbrains\clion 2022.2.1\bin\cmake\win\share\cmake-3.23\modules\CMakeCompilerABI.h
[2/2] Linking C executable cmTC_c5b83.exe



Detecting CXX compiler ABI info compiled with the following output:
Change Dir: D:/dev/CodeProjects/OGRE_TEST_2/cmake-build-release/CMakeFiles/CMakeTmp

Run Build Command(s):D:/Program Files/JetBrains/CLion 2022.2.1/bin/ninja/win/ninja.exe cmTC_f5288 && [1/2] Building CXX object CMakeFiles\cmTC_f5288.dir\CMakeCXXCompilerABI.cpp.obj
Nota: inclusión del archivo: d:\program files\jetbrains\clion 2022.2.1\bin\cmake\win\share\cmake-3.23\modules\CMakeCompilerABI.h
[2/2] Linking CXX executable cmTC_f5288.exe



